<?xml version="1.0" encoding="UTF-8"?>
<!-- Generated by org.testng.reporters.JUnitXMLReporter -->
<testsuite ignored="6" hostname="LAPTOP-APLKU03V" failures="0" tests="3" name="my tests" time="0.12" errors="0" timestamp="2024-01-11T10:35:36 IST">
  <testcase classname="com.dataprovider.grouping.Grouping" name="signupbyfacebook" time="0.019"/>
  <testcase classname="com.dataprovider.grouping.Grouping" name="signupbytwitter" time="0.001"/>
  <testcase classname="com.dataprovider.grouping.Grouping" name="paymentReturnbyBank" time="0.001"/>
  <testcase classname="com.dataprovider.grouping.Grouping" name="paymentinrupees" time="0.0">
    <ignored/>
  </testcase> <!-- paymentinrupees -->
  <testcase classname="com.dataprovider.grouping.Grouping" name="loginBytwitter" time="0.0">
    <ignored/>
  </testcase> <!-- loginBytwitter -->
  <testcase classname="com.dataprovider.grouping.Grouping" name="loginByfacebook" time="0.0">
    <ignored/>
  </testcase> <!-- loginByfacebook -->
  <testcase classname="com.dataprovider.grouping.Grouping" name="signupbyemail" time="0.0">
    <ignored/>
  </testcase> <!-- signupbyemail -->
  <testcase classname="com.dataprovider.grouping.Grouping" name="paymentindollar" time="0.0">
    <ignored/>
  </testcase> <!-- paymentindollar -->
  <testcase classname="com.dataprovider.grouping.Grouping" name="loginByEmail" time="0.0">
    <ignored/>
  </testcase> <!-- loginByEmail -->
</testsuite> <!-- my tests -->
