<?xml version="1.0" encoding="UTF-8"?>
<testng-results ignored="0" total="2" passed="2" failed="0" skipped="0">
  <reporter-output>
  </reporter-output>
  <suite started-at="2024-01-13T18:15:37 IST" name="Default suite" finished-at="2024-01-13T18:15:56 IST" duration-ms="19012">
    <groups>
    </groups>
    <test started-at="2024-01-13T18:15:37 IST" name="Default test" finished-at="2024-01-13T18:15:56 IST" duration-ms="19012">
      <class name="test.page.object.model.LoginTest">
        <test-method is-config="true" signature="setup()[pri:0, instance:test.page.object.model.LoginTest@3b582111]" started-at="2024-01-13T18:15:37 IST" name="setup" finished-at="2024-01-13T18:15:53 IST" duration-ms="15564" status="PASS">
          <reporter-output>
          </reporter-output>
        </test-method> <!-- setup -->
        <test-method signature="testLogo()[pri:1, instance:test.page.object.model.LoginTest@3b582111]" started-at="2024-01-13T18:15:53 IST" name="testLogo" finished-at="2024-01-13T18:15:53 IST" duration-ms="153" status="PASS">
          <reporter-output>
          </reporter-output>
        </test-method> <!-- testLogo -->
        <test-method signature="testLogin()[pri:2, instance:test.page.object.model.LoginTest@3b582111]" started-at="2024-01-13T18:15:53 IST" name="testLogin" finished-at="2024-01-13T18:15:56 IST" duration-ms="2978" status="PASS">
          <reporter-output>
          </reporter-output>
        </test-method> <!-- testLogin -->
        <test-method is-config="true" signature="tearDown()[pri:0, instance:test.page.object.model.LoginTest@3b582111]" started-at="2024-01-13T18:15:56 IST" name="tearDown" finished-at="2024-01-13T18:15:56 IST" duration-ms="229" status="PASS">
          <reporter-output>
          </reporter-output>
        </test-method> <!-- tearDown -->
      </class> <!-- test.page.object.model.LoginTest -->
    </test> <!-- Default test -->
  </suite> <!-- Default suite -->
</testng-results>
